SF:lib/src/fform.dart
DA:63,4
DA:66,2
DA:67,3
DA:70,5
DA:71,2
DA:73,5
DA:74,2
DA:89,1
DA:90,2
DA:103,3
DA:123,0
DA:125,2
DA:126,2
DA:127,2
DA:140,1
DA:141,1
DA:153,1
DA:155,2
DA:157,2
DA:158,1
DA:160,2
DA:162,2
DA:163,1
DA:165,1
DA:177,2
DA:179,4
DA:180,4
DA:191,1
DA:193,2
DA:194,2
DA:206,1
DA:208,2
DA:209,2
DA:220,1
DA:222,2
DA:223,2
DA:236,1
DA:238,4
DA:239,1
DA:252,2
DA:254,8
DA:255,2
DA:258,2
DA:259,1
DA:260,2
DA:261,4
DA:262,2
DA:275,1
DA:277,4
DA:279,2
DA:280,6
DA:282,2
DA:283,5
DA:293,1
DA:294,4
DA:304,1
DA:305,1
DA:306,1
DA:317,1
DA:318,1
DA:319,1
DA:320,1
DA:331,1
DA:332,2
DA:342,1
DA:343,2
DA:353,1
DA:354,2
DA:368,2
DA:369,4
DA:371,4
DA:386,1
DA:387,1
DA:400,1
DA:402,4
DA:415,1
DA:417,4
LF:77
LH:76
end_of_record
SF:lib/src/fform_field.dart
DA:21,6
DA:22,6
DA:40,5
DA:41,5
DA:44,3
DA:46,3
DA:47,3
DA:48,3
DA:93,6
DA:95,15
DA:97,5
DA:112,2
DA:113,2
DA:130,6
DA:132,12
DA:134,4
DA:135,6
DA:136,3
DA:137,1
DA:138,3
DA:139,3
DA:141,3
DA:142,3
DA:145,6
DA:146,6
LF:25
LH:25
end_of_record
SF:lib/src/fform_exception.dart
DA:16,2
LF:1
LH:1
end_of_record
SF:lib/src/mixins/cached_validator.dart
DA:42,2
DA:44,4
DA:45,4
DA:46,6
DA:47,2
DA:50,2
DA:52,6
DA:54,6
DA:55,5
DA:58,2
LF:10
LH:10
end_of_record
SF:lib/src/mixins/mixin_async_validator.dart
DA:65,1
DA:67,1
DA:69,3
DA:71,1
DA:72,1
LF:5
LH:5
end_of_record
SF:lib/src/widgets/fform_builder.dart
DA:47,1
DA:101,1
DA:102,1
DA:103,1
DA:104,2
DA:105,1
DA:106,1
DA:107,3
DA:109,1
LF:9
LH:9
end_of_record
SF:lib/src/widgets/fform_provider.dart
DA:36,2
DA:40,2
DA:61,2
DA:65,2
DA:66,2
DA:67,1
DA:69,2
DA:89,2
DA:90,3
DA:104,2
DA:106,6
LF:11
LH:11
end_of_record
