SF:lib/src/fform_field.dart
DA:23,7
DA:24,7
DA:42,5
DA:43,5
DA:46,3
DA:48,3
DA:49,3
DA:50,3
DA:95,7
DA:97,17
DA:99,6
DA:114,2
DA:115,2
DA:132,7
DA:134,14
DA:136,5
DA:137,7
DA:138,3
DA:139,1
DA:140,3
DA:141,3
DA:143,4
DA:144,4
DA:147,7
DA:148,7
LF:25
LH:25
end_of_record
SF:lib/src/fform.dart
DA:61,5
DA:64,2
DA:65,3
DA:66,7
DA:67,4
DA:69,7
DA:70,4
DA:91,3
DA:102,6
DA:120,2
DA:132,1
DA:133,1
DA:135,3
DA:136,9
DA:138,3
DA:139,8
DA:149,1
DA:150,4
DA:160,1
DA:161,1
DA:162,1
DA:173,1
DA:174,1
DA:175,1
DA:176,1
DA:187,1
DA:188,2
DA:198,1
DA:199,2
DA:209,1
DA:210,2
DA:224,3
DA:225,6
DA:227,6
DA:242,1
DA:243,1
DA:256,1
DA:258,4
DA:271,1
DA:273,4
DA:275,3
DA:276,3
DA:277,3
DA:290,1
DA:292,2
DA:294,2
DA:295,1
DA:297,2
DA:299,2
DA:300,1
DA:302,1
DA:314,2
DA:316,4
DA:317,4
DA:328,1
DA:330,2
DA:331,2
DA:343,1
DA:345,2
DA:346,2
DA:357,1
DA:359,2
DA:360,2
DA:373,2
DA:375,2
DA:376,8
DA:377,6
DA:378,2
DA:391,3
DA:393,6
DA:394,3
DA:397,4
DA:398,1
DA:400,3
DA:403,3
DA:404,1
DA:405,3
DA:406,6
DA:407,3
DA:420,1
DA:422,4
LF:81
LH:81
end_of_record
SF:lib/src/fform_exception.dart
DA:16,2
LF:1
LH:1
end_of_record
SF:lib/src/mixins/cached_validator.dart
DA:42,2
DA:44,4
DA:45,4
DA:46,6
DA:47,2
DA:50,2
DA:52,6
DA:54,6
DA:55,5
DA:58,2
LF:10
LH:10
end_of_record
SF:lib/src/mixins/mixin_async_validator.dart
DA:65,1
DA:67,1
DA:69,3
DA:71,1
DA:72,1
LF:5
LH:5
end_of_record
SF:lib/src/widgets/fform_builder.dart
DA:47,1
DA:101,1
DA:102,1
DA:103,1
DA:104,2
DA:105,1
DA:106,1
DA:107,3
DA:109,1
LF:9
LH:9
end_of_record
SF:lib/src/widgets/fform_provider.dart
DA:36,2
DA:40,2
DA:61,2
DA:67,2
DA:68,2
DA:69,1
DA:71,2
DA:91,2
DA:92,3
LF:9
LH:9
end_of_record
